Flow report for Wavegenerator
Wed Aug 14 00:28:58 2019
Quartus Prime Version 18.0.0 Build 614 04/24/2018 SJ Lite Edition


---------------------
; Table of Contents ;
---------------------
  1. Legal Notice
  2. Flow Summary
  3. Flow Settings
  4. Flow Non-Default Global Settings
  5. Flow Elapsed Time
  6. Flow OS Summary
  7. Flow Log
  8. Flow Messages
  9. Flow Suppressed Messages



----------------
; Legal Notice ;
----------------
Copyright (C) 2018  Intel Corporation. All rights reserved.
Your use of Intel Corporation's design tools, logic functions 
and other software and tools, and its AMPP partner logic 
functions, and any output files from any of the foregoing 
(including device programming or simulation files), and any 
associated documentation or information are expressly subject 
to the terms and conditions of the Intel Program License 
Subscription Agreement, the Intel Quartus Prime License Agreement,
the Intel FPGA IP License Agreement, or other applicable license
agreement, including, without limitation, that your use is for
the sole purpose of programming logic devices manufactured by
Intel and sold by Intel or its authorized distributors.  Please
refer to the applicable agreement for further details.



+-------------------------------------------------------------------------------+
; Flow Summary                                                                  ;
+---------------------------------+---------------------------------------------+
; Flow Status                     ; Successful - Wed Aug 14 00:28:58 2019       ;
; Quartus Prime Version           ; 18.0.0 Build 614 04/24/2018 SJ Lite Edition ;
; Revision Name                   ; Wavegenerator                               ;
; Top-level Entity Name           ; Wavegenerator                               ;
; Family                          ; Cyclone V                                   ;
; Device                          ; 5CSEBA6U23I7DK                              ;
; Timing Models                   ; Final                                       ;
; Logic utilization (in ALMs)     ; 1,354 / 41,910 ( 3 % )                      ;
; Total registers                 ; 756                                         ;
; Total pins                      ; 7 / 314 ( 2 % )                             ;
; Total virtual pins              ; 0                                           ;
; Total block memory bits         ; 1,302,554 / 5,662,720 ( 23 % )              ;
; Total DSP Blocks                ; 2 / 112 ( 2 % )                             ;
; Total HSSI RX PCSs              ; 0                                           ;
; Total HSSI PMA RX Deserializers ; 0                                           ;
; Total HSSI TX PCSs              ; 0                                           ;
; Total HSSI PMA TX Serializers   ; 0                                           ;
; Total PLLs                      ; 1 / 6 ( 17 % )                              ;
; Total DLLs                      ; 0 / 4 ( 0 % )                               ;
+---------------------------------+---------------------------------------------+


+-----------------------------------------+
; Flow Settings                           ;
+-------------------+---------------------+
; Option            ; Setting             ;
+-------------------+---------------------+
; Start date & time ; 08/14/2019 00:25:40 ;
; Main task         ; Compilation         ;
; Revision Name     ; Wavegenerator       ;
+-------------------+---------------------+


+------------------------------------------------------------------------------------------------------------------------------------------+
; Flow Non-Default Global Settings                                                                                                         ;
+-------------------------------------+-----------------------------------------------------+---------------+-------------+----------------+
; Assignment Name                     ; Value                                               ; Default Value ; Entity Name ; Section Id     ;
+-------------------------------------+-----------------------------------------------------+---------------+-------------+----------------+
; COMPILER_SIGNATURE_ID               ; 207120311300338.156573513908576                     ; --            ; --          ; --             ;
; EDA_OUTPUT_DATA_FORMAT              ; Verilog Hdl                                         ; --            ; --          ; eda_simulation ;
; EDA_SIMULATION_TOOL                 ; ModelSim (Verilog)                                  ; <None>        ; --          ; --             ;
; EDA_TIME_SCALE                      ; 1 ps                                                ; --            ; --          ; eda_simulation ;
; MAX_CORE_JUNCTION_TEMP              ; 100                                                 ; --            ; --          ; --             ;
; MIN_CORE_JUNCTION_TEMP              ; -40                                                 ; --            ; --          ; --             ;
; MISC_FILE                           ; vhdl/Cyclone_II_plugins/pll.cmp                     ; --            ; --          ; --             ;
; MISC_FILE                           ; vhdl/Cyclone_II_plugins/pll.ppf                     ; --            ; --          ; --             ;
; MISC_FILE                           ; vhdl/Cyclone_II_plugins/sine_ROM_512.cmp            ; --            ; --          ; --             ;
; MISC_FILE                           ; vhdl/Cyclone_II_plugins/triangle_ROM_512.cmp        ; --            ; --          ; --             ;
; MISC_FILE                           ; vhdl/Cyclone_II_plugins/sawtooth_ROM_512.cmp        ; --            ; --          ; --             ;
; MISC_FILE                           ; vhdl/Cyclone_II_plugins/sine_ROM_1024.cmp           ; --            ; --          ; --             ;
; MISC_FILE                           ; vhdl/Cyclone_II_plugins/triangle_ROM_1024.cmp       ; --            ; --          ; --             ;
; MISC_FILE                           ; vhdl/Cyclone_II_plugins/sawtooth_ROM_1024.cmp       ; --            ; --          ; --             ;
; MISC_FILE                           ; vhdl/Cyclone_II_plugins/custom_RAM_512.cmp          ; --            ; --          ; --             ;
; MISC_FILE                           ; vhdl/Cyclone_II_plugins/custom_RAM_1024.cmp         ; --            ; --          ; --             ;
; MISC_FILE                           ; vhdl/Cyclone_II_plugins/period_ROM_s_512_f_50.cmp   ; --            ; --          ; --             ;
; MISC_FILE                           ; vhdl/Cyclone_II_plugins/period_ROM_s_512_f_100.cmp  ; --            ; --          ; --             ;
; MISC_FILE                           ; vhdl/Cyclone_II_plugins/period_ROM_s_512_f_350.cmp  ; --            ; --          ; --             ;
; MISC_FILE                           ; vhdl/Cyclone_II_plugins/mul_pwm.cmp                 ; --            ; --          ; --             ;
; MISC_FILE                           ; vhdl/Cyclone_II_plugins/amp_div.cmp                 ; --            ; --          ; --             ;
; MISC_FILE                           ; vhdl/Cyclone_II_plugins/amp_mul.cmp                 ; --            ; --          ; --             ;
; MISC_FILE                           ; vhdl/Cyclone_II_plugins/period_ROM_s_1024_f_50.cmp  ; --            ; --          ; --             ;
; MISC_FILE                           ; vhdl/Cyclone_II_plugins/period_ROM_s_1024_f_100.cmp ; --            ; --          ; --             ;
; MISC_FILE                           ; vhdl/Cyclone_II_plugins/period_ROM_s_1024_f_350.cmp ; --            ; --          ; --             ;
; MISC_FILE                           ; vhdl/Cyclone_II_plugins/mul_100.cmp                 ; --            ; --          ; --             ;
; MISC_FILE                           ; vhdl/Cyclone_II_plugins/step_div.cmp                ; --            ; --          ; --             ;
; MISC_FILE                           ; vhdl/Cyclone_II_plugins/mapping_div.cmp             ; --            ; --          ; --             ;
; MISC_FILE                           ; vhdl/Cyclone_II_plugins/mul_period.cmp              ; --            ; --          ; --             ;
; MISC_FILE                           ; vhdl/Cyclone_II_plugins/lut_phase_512.cmp           ; --            ; --          ; --             ;
; MISC_FILE                           ; vhdl/Cyclone_II_plugins/lut_phase_1024.cmp          ; --            ; --          ; --             ;
; MISC_FILE                           ; vhdl/Cyclone_II_plugins/phase_LUT_512.cmp           ; --            ; --          ; --             ;
; MISC_FILE                           ; vhdl/Cyclone_II_plugins/phase_LUT_1024.cmp          ; --            ; --          ; --             ;
; MISC_FILE                           ; vhdl/Cyclone_II_plugins/pll_50.cmp                  ; --            ; --          ; --             ;
; MISC_FILE                           ; vhdl/Cyclone_II_plugins/pll_50.ppf                  ; --            ; --          ; --             ;
; MISC_FILE                           ; vhdl/Cyclone_II_plugins/pll_100.cmp                 ; --            ; --          ; --             ;
; MISC_FILE                           ; vhdl/Cyclone_II_plugins/pll_100.ppf                 ; --            ; --          ; --             ;
; MISC_FILE                           ; vhdl/Cyclone_II_plugins/pll_350.cmp                 ; --            ; --          ; --             ;
; MISC_FILE                           ; vhdl/Cyclone_II_plugins/pll_350.ppf                 ; --            ; --          ; --             ;
; MISC_FILE                           ; output_files/pll_20.cmp                             ; --            ; --          ; --             ;
; MISC_FILE                           ; output_files/pll_20.ppf                             ; --            ; --          ; --             ;
; NUM_PARALLEL_PROCESSORS             ; 2                                                   ; --            ; --          ; --             ;
; PARTITION_COLOR                     ; -- (Not supported for targeted family)              ; --            ; --          ; Top            ;
; PARTITION_FITTER_PRESERVATION_LEVEL ; -- (Not supported for targeted family)              ; --            ; --          ; Top            ;
; PARTITION_NETLIST_TYPE              ; -- (Not supported for targeted family)              ; --            ; --          ; Top            ;
; POWER_BOARD_THERMAL_MODEL           ; None (CONSERVATIVE)                                 ; --            ; --          ; --             ;
; POWER_PRESET_COOLING_SOLUTION       ; 23 MM HEAT SINK WITH 200 LFPM AIRFLOW               ; --            ; --          ; --             ;
; PROJECT_OUTPUT_DIRECTORY            ; output_files                                        ; --            ; --          ; --             ;
; SEARCH_PATH                         ; c:\altera\13.0sp1\wavegenerator\libaries            ; --            ; --          ; --             ;
+-------------------------------------+-----------------------------------------------------+---------------+-------------+----------------+


+--------------------------------------------------------------------------------------------------------------------------+
; Flow Elapsed Time                                                                                                        ;
+----------------------+--------------+-------------------------+---------------------+------------------------------------+
; Module Name          ; Elapsed Time ; Average Processors Used ; Peak Virtual Memory ; Total CPU Time (on all processors) ;
+----------------------+--------------+-------------------------+---------------------+------------------------------------+
; Analysis & Synthesis ; 00:00:35     ; 1.0                     ; 4976 MB             ; 00:00:47                           ;
; Fitter               ; 00:02:02     ; 1.1                     ; 6377 MB             ; 00:03:09                           ;
; Assembler            ; 00:00:10     ; 1.0                     ; 4898 MB             ; 00:00:10                           ;
; Timing Analyzer      ; 00:00:18     ; 1.5                     ; 5318 MB             ; 00:00:25                           ;
; EDA Netlist Writer   ; 00:00:03     ; 1.0                     ; 4907 MB             ; 00:00:04                           ;
; Total                ; 00:03:08     ; --                      ; --                  ; 00:04:35                           ;
+----------------------+--------------+-------------------------+---------------------+------------------------------------+


+------------------------------------------------------------------------------------+
; Flow OS Summary                                                                    ;
+----------------------+------------------+------------+------------+----------------+
; Module Name          ; Machine Hostname ; OS Name    ; OS Version ; Processor type ;
+----------------------+------------------+------------+------------+----------------+
; Analysis & Synthesis ; Maxud-Desktop    ; Windows 10 ; 10.0       ; x86_64         ;
; Fitter               ; Maxud-Desktop    ; Windows 10 ; 10.0       ; x86_64         ;
; Assembler            ; Maxud-Desktop    ; Windows 10 ; 10.0       ; x86_64         ;
; Timing Analyzer      ; Maxud-Desktop    ; Windows 10 ; 10.0       ; x86_64         ;
; EDA Netlist Writer   ; Maxud-Desktop    ; Windows 10 ; 10.0       ; x86_64         ;
+----------------------+------------------+------------+------------+----------------+


------------
; Flow Log ;
------------
quartus_map --read_settings_files=on --write_settings_files=off Wavegenerator -c Wavegenerator
quartus_fit --read_settings_files=off --write_settings_files=off Wavegenerator -c Wavegenerator
quartus_asm --read_settings_files=off --write_settings_files=off Wavegenerator -c Wavegenerator
quartus_sta Wavegenerator -c Wavegenerator
quartus_eda --read_settings_files=off --write_settings_files=off Wavegenerator -c Wavegenerator



